2024-09-02 23:56:05,014 - auth - DEBUG - Loading user with ID: 2
2024-09-02 23:56:05,020 - auth - DEBUG - Session for user gaetan@minutememo.io is active and authenticated
2024-09-02 23:56:05,026 - auth - DEBUG - After request, Origin: http://localhost:3000
2024-09-02 23:56:05,026 - werkzeug - INFO - 127.0.0.1 - - [02/Sep/2024 23:56:05] "GET /api/meetingsessions?hub_id=19 HTTP/1.1" 200 -
2024-09-02 23:56:06,680 - auth - DEBUG - No active session found, user is not authenticated
2024-09-02 23:56:06,681 - auth - DEBUG - After request, Origin: http://localhost:3000
2024-09-02 23:56:06,682 - werkzeug - INFO - 127.0.0.1 - - [02/Sep/2024 23:56:06] "OPTIONS /api/meetings HTTP/1.1" 200 -
2024-09-02 23:56:06,684 - auth - DEBUG - Loading user with ID: 2
2024-09-02 23:56:06,688 - auth - DEBUG - Session for user gaetan@minutememo.io is active and authenticated
2024-09-02 23:56:06,723 - auth - DEBUG - After request, Origin: http://localhost:3000
2024-09-02 23:56:06,725 - werkzeug - INFO - 127.0.0.1 - - [02/Sep/2024 23:56:06] "[35m[1mPOST /api/meetings HTTP/1.1[0m" 201 -
2024-09-02 23:56:06,730 - auth - DEBUG - No active session found, user is not authenticated
2024-09-02 23:56:06,731 - auth - DEBUG - After request, Origin: http://localhost:3000
2024-09-02 23:56:06,731 - werkzeug - INFO - 127.0.0.1 - - [02/Sep/2024 23:56:06] "OPTIONS /api/recordings HTTP/1.1" 200 -
2024-09-02 23:56:06,733 - auth - DEBUG - Loading user with ID: 2
2024-09-02 23:56:06,735 - auth - DEBUG - Session for user gaetan@minutememo.io is active and authenticated
2024-09-02 23:56:06,740 - minutememo_app.app - INFO - Recording f900e9ec-2aed-4b2d-b688-b42dd72ef36a created for user 2 in session 64
2024-09-02 23:56:06,740 - auth - DEBUG - After request, Origin: http://localhost:3000
2024-09-02 23:56:06,741 - werkzeug - INFO - 127.0.0.1 - - [02/Sep/2024 23:56:06] "[35m[1mPOST /api/recordings HTTP/1.1[0m" 201 -
2024-09-02 23:56:12,005 - auth - DEBUG - Loading user with ID: 2
2024-09-02 23:56:12,008 - auth - DEBUG - Session for user gaetan@minutememo.io is active and authenticated
2024-09-02 23:56:12,010 - auth - DEBUG - After request, Origin: http://localhost:3000
2024-09-02 23:56:12,011 - werkzeug - INFO - 127.0.0.1 - - [02/Sep/2024 23:56:12] "POST /upload_chunk HTTP/1.1" 200 -
2024-09-02 23:56:17,043 - auth - DEBUG - Loading user with ID: 2
2024-09-02 23:56:17,052 - auth - DEBUG - Session for user gaetan@minutememo.io is active and authenticated
2024-09-02 23:56:17,055 - auth - DEBUG - After request, Origin: http://localhost:3000
2024-09-02 23:56:17,056 - werkzeug - INFO - 127.0.0.1 - - [02/Sep/2024 23:56:17] "POST /upload_chunk HTTP/1.1" 200 -
2024-09-02 23:56:22,078 - auth - DEBUG - Loading user with ID: 2
2024-09-02 23:56:22,085 - auth - DEBUG - Session for user gaetan@minutememo.io is active and authenticated
2024-09-02 23:56:22,091 - auth - DEBUG - After request, Origin: http://localhost:3000
2024-09-02 23:56:22,093 - werkzeug - INFO - 127.0.0.1 - - [02/Sep/2024 23:56:22] "POST /upload_chunk HTTP/1.1" 200 -
2024-09-02 23:56:27,120 - auth - DEBUG - Loading user with ID: 2
2024-09-02 23:56:27,125 - auth - DEBUG - Session for user gaetan@minutememo.io is active and authenticated
2024-09-02 23:56:27,127 - auth - DEBUG - After request, Origin: http://localhost:3000
2024-09-02 23:56:27,128 - werkzeug - INFO - 127.0.0.1 - - [02/Sep/2024 23:56:27] "POST /upload_chunk HTTP/1.1" 200 -
2024-09-02 23:56:27,356 - auth - DEBUG - No active session found, user is not authenticated
2024-09-02 23:56:27,357 - auth - DEBUG - After request, Origin: http://localhost:3000
2024-09-02 23:56:27,357 - werkzeug - INFO - 127.0.0.1 - - [02/Sep/2024 23:56:27] "OPTIONS /concatenate HTTP/1.1" 200 -
2024-09-02 23:56:27,358 - auth - DEBUG - Loading user with ID: 2
2024-09-02 23:56:27,362 - auth - DEBUG - Session for user gaetan@minutememo.io is active and authenticated
2024-09-02 23:56:27,362 - minutememo_app.app - INFO - Received request to concatenate for recording_id: f900e9ec-2aed-4b2d-b688-b42dd72ef36a
2024-09-02 23:56:27,363 - minutememo_app.app - INFO - Chunk files to concatenate: ['f900e9ec-2aed-4b2d-b688-b42dd72ef36a_chunk_0.webm', 'f900e9ec-2aed-4b2d-b688-b42dd72ef36a_chunk_1.webm', 'f900e9ec-2aed-4b2d-b688-b42dd72ef36a_chunk_2.webm', 'f900e9ec-2aed-4b2d-b688-b42dd72ef36a_chunk_3.webm']
2024-09-02 23:56:27,363 - minutememo_app.app - INFO - Contents of uploads/audio_recordings/f900e9ec-2aed-4b2d-b688-b42dd72ef36a_list.txt:
2024-09-02 23:56:27,363 - minutememo_app.app - INFO - file '/Users/gaetanbuelinckx/minutememo_app/uploads/audio_recordings/f900e9ec-2aed-4b2d-b688-b42dd72ef36a_chunk_0.webm'
file '/Users/gaetanbuelinckx/minutememo_app/uploads/audio_recordings/f900e9ec-2aed-4b2d-b688-b42dd72ef36a_chunk_1.webm'
file '/Users/gaetanbuelinckx/minutememo_app/uploads/audio_recordings/f900e9ec-2aed-4b2d-b688-b42dd72ef36a_chunk_2.webm'
file '/Users/gaetanbuelinckx/minutememo_app/uploads/audio_recordings/f900e9ec-2aed-4b2d-b688-b42dd72ef36a_chunk_3.webm'

2024-09-02 23:56:27,881 - minutememo_app.app - INFO - Concatenation successful: uploads/audio_recordings/f900e9ec-2aed-4b2d-b688-b42dd72ef36a.mp3
2024-09-02 23:56:27,896 - minutememo_app.app - INFO - Database updated successfully for recording_id: f900e9ec-2aed-4b2d-b688-b42dd72ef36a
2024-09-02 23:56:27,897 - auth - DEBUG - After request, Origin: http://localhost:3000
2024-09-02 23:56:27,897 - werkzeug - INFO - 127.0.0.1 - - [02/Sep/2024 23:56:27] "POST /concatenate HTTP/1.1" 200 -
2024-09-02 23:56:27,900 - auth - DEBUG - No active session found, user is not authenticated
2024-09-02 23:56:27,900 - auth - DEBUG - After request, Origin: http://localhost:3000
2024-09-02 23:56:27,901 - werkzeug - INFO - 127.0.0.1 - - [02/Sep/2024 23:56:27] "OPTIONS /api/recordings/f900e9ec-2aed-4b2d-b688-b42dd72ef36a HTTP/1.1" 200 -
2024-09-02 23:56:27,902 - auth - DEBUG - Loading user with ID: 2
2024-09-02 23:56:27,910 - auth - DEBUG - Session for user gaetan@minutememo.io is active and authenticated
2024-09-02 23:56:27,910 - minutememo_app.app - INFO - Entering update_recording function for recording_id: f900e9ec-2aed-4b2d-b688-b42dd72ef36a
2024-09-02 23:56:27,911 - minutememo_app.app - INFO - Received data for updating recording f900e9ec-2aed-4b2d-b688-b42dd72ef36a: {'audio_url': '/uploads/audio_recordings/f900e9ec-2aed-4b2d-b688-b42dd72ef36a.mp3'}
2024-09-02 23:56:27,911 - minutememo_app.app - INFO - Fetching Recording with ID: f900e9ec-2aed-4b2d-b688-b42dd72ef36a
2024-09-02 23:56:27,913 - minutememo_app.app - INFO - Current recording before update: <Recording f900e9ec-2aed-4b2d-b688-b42dd72ef36a>
2024-09-02 23:56:27,913 - minutememo_app.app - INFO - Fetching associated MeetingSession with ID: 64
2024-09-02 23:56:27,914 - minutememo_app.app - INFO - Current MeetingSession before update: <MeetingSession 64>
2024-09-02 23:56:27,914 - minutememo_app.app - INFO - Updating audio_url for MeetingSession ID: 64
2024-09-02 23:56:27,921 - minutememo_app.app - INFO - MeetingSession after update: <MeetingSession 64>
2024-09-02 23:56:27,921 - minutememo_app.app - INFO - Exiting update_recording function for recording_id: f900e9ec-2aed-4b2d-b688-b42dd72ef36a
2024-09-02 23:56:27,921 - auth - DEBUG - After request, Origin: http://localhost:3000
2024-09-02 23:56:27,921 - werkzeug - INFO - 127.0.0.1 - - [02/Sep/2024 23:56:27] "PATCH /api/recordings/f900e9ec-2aed-4b2d-b688-b42dd72ef36a HTTP/1.1" 200 -
